[0.297s] Invoking command in '/home/abdurrahman/AirDefense25/build/maininf': CMAKE_PREFIX_PATH=${CMAKE_PREFIX_PATH}:/opt/ros/humble /usr/bin/cmake /home/abdurrahman/AirDefense25/src/maininf -DCMAKE_INSTALL_PREFIX=/home/abdurrahman/AirDefense25/install/maininf
[0.304s] -- Found ament_cmake: 1.3.11 (/opt/ros/humble/share/ament_cmake/cmake)
[0.431s] -- Found rclcpp: 16.0.11 (/opt/ros/humble/share/rclcpp/cmake)
[0.460s] -- Found rosidl_generator_c: 3.1.6 (/opt/ros/humble/share/rosidl_generator_c/cmake)
[0.461s] -- Found rosidl_adapter: 3.1.6 (/opt/ros/humble/share/rosidl_adapter/cmake)
[0.465s] -- Found rosidl_generator_cpp: 3.1.6 (/opt/ros/humble/share/rosidl_generator_cpp/cmake)
[0.472s] -- Using all available rosidl_typesupport_c: rosidl_typesupport_fastrtps_c;rosidl_typesupport_introspection_c
[0.481s] -- Using all available rosidl_typesupport_cpp: rosidl_typesupport_fastrtps_cpp;rosidl_typesupport_introspection_cpp
[0.504s] -- Found rmw_implementation_cmake: 6.1.2 (/opt/ros/humble/share/rmw_implementation_cmake/cmake)
[0.505s] -- Found rmw_fastrtps_cpp: 6.2.7 (/opt/ros/humble/share/rmw_fastrtps_cpp/cmake)
[0.577s] -- Using RMW implementation 'rmw_fastrtps_cpp' as default
[0.618s] -- Found sensor_msgs: 4.2.4 (/opt/ros/humble/share/sensor_msgs/cmake)
[0.643s] -- Found cv_bridge: 3.2.1 (/opt/ros/humble/share/cv_bridge/cmake)
[0.701s] [31mCMake Error at /opt/ros/humble/share/ament_cmake_core/cmake/core/ament_package_xml.cmake:53 (message):
[0.701s]   ament_package_xml() package name 'maininf' in '/package.xml' does not match
[0.701s]   current PROJECT_NAME 'AirDefenseUITest'.  You must call project() with the
[0.701s]   same package name before.
[0.701s] Call Stack (most recent call first):
[0.701s]   /opt/ros/humble/share/ament_cmake_core/cmake/core/ament_package.cmake:63 (ament_package_xml)
[0.701s]   CMakeLists.txt:52 (ament_package)
[0.701s] 
[0.701s] [0m
[0.701s] -- Configuring incomplete, errors occurred!
[0.701s] See also "/home/abdurrahman/AirDefense25/build/maininf/CMakeFiles/CMakeOutput.log".
[0.707s] Invoked command in '/home/abdurrahman/AirDefense25/build/maininf' returned '1': CMAKE_PREFIX_PATH=${CMAKE_PREFIX_PATH}:/opt/ros/humble /usr/bin/cmake /home/abdurrahman/AirDefense25/src/maininf -DCMAKE_INSTALL_PREFIX=/home/abdurrahman/AirDefense25/install/maininf
