[0.658s] Invoking command in '/home/abdurrahman/AirDefense25/src/ui': PYTHONPATH=/home/abdurrahman/AirDefense25/build/ui/prefix_override:/usr/lib/python3/dist-packages/colcon_core/task/python/colcon_distutils_commands:/home/abdurrahman/AirDefense25/install/ui/lib/python3.10/site-packages:${PYTHONPATH} /usr/bin/python3 -W ignore:setup.py install is deprecated -W ignore:easy_install command is deprecated setup.py egg_info --egg-base ../../build/ui build --build-base /home/abdurrahman/AirDefense25/build/ui/build install --record /home/abdurrahman/AirDefense25/build/ui/install.log --single-version-externally-managed install_data
[0.830s] running egg_info
[0.831s] writing ../../build/ui/ui.egg-info/PKG-INFO
[0.831s] writing dependency_links to ../../build/ui/ui.egg-info/dependency_links.txt
[0.831s] writing entry points to ../../build/ui/ui.egg-info/entry_points.txt
[0.831s] writing requirements to ../../build/ui/ui.egg-info/requires.txt
[0.832s] writing top-level names to ../../build/ui/ui.egg-info/top_level.txt
[0.833s] reading manifest file '../../build/ui/ui.egg-info/SOURCES.txt'
[0.833s] adding license file 'LICENSE'
[0.833s] writing manifest file '../../build/ui/ui.egg-info/SOURCES.txt'
[0.833s] running build
[0.833s] running build_py
[0.834s] running install
[0.834s] running install_lib
[0.835s] running install_data
[0.835s] running install_egg_info
[0.836s] removing '/home/abdurrahman/AirDefense25/install/ui/lib/python3.10/site-packages/ui-0.0.0-py3.10.egg-info' (and everything under it)
[0.836s] Copying ../../build/ui/ui.egg-info to /home/abdurrahman/AirDefense25/install/ui/lib/python3.10/site-packages/ui-0.0.0-py3.10.egg-info
[0.837s] running install_scripts
[0.853s] Installing publisher script to /home/abdurrahman/AirDefense25/install/ui/lib/ui
[0.853s] Installing ui script to /home/abdurrahman/AirDefense25/install/ui/lib/ui
[0.853s] writing list of installed files to '/home/abdurrahman/AirDefense25/build/ui/install.log'
[0.872s] Invoked command in '/home/abdurrahman/AirDefense25/src/ui' returned '0': PYTHONPATH=/home/abdurrahman/AirDefense25/build/ui/prefix_override:/usr/lib/python3/dist-packages/colcon_core/task/python/colcon_distutils_commands:/home/abdurrahman/AirDefense25/install/ui/lib/python3.10/site-packages:${PYTHONPATH} /usr/bin/python3 -W ignore:setup.py install is deprecated -W ignore:easy_install command is deprecated setup.py egg_info --egg-base ../../build/ui build --build-base /home/abdurrahman/AirDefense25/build/ui/build install --record /home/abdurrahman/AirDefense25/build/ui/install.log --single-version-externally-managed install_data
