[0.951s] Invoking command in '/home/abdurrahman/AirDefense25/src/ui': PYTHONPATH=/home/abdurrahman/AirDefense25/build/ui/prefix_override:/usr/lib/python3/dist-packages/colcon_core/task/python/colcon_distutils_commands:/home/abdurrahman/AirDefense25/install/ui/lib/python3.10/site-packages:${PYTHONPATH} /usr/bin/python3 -W ignore:setup.py install is deprecated -W ignore:easy_install command is deprecated setup.py egg_info --egg-base ../../build/ui build --build-base /home/abdurrahman/AirDefense25/build/ui/build install --record /home/abdurrahman/AirDefense25/build/ui/install.log --single-version-externally-managed install_data
[1.324s] running egg_info
[1.325s] creating ../../build/ui/ui.egg-info
[1.325s] writing ../../build/ui/ui.egg-info/PKG-INFO
[1.325s] writing dependency_links to ../../build/ui/ui.egg-info/dependency_links.txt
[1.325s] writing entry points to ../../build/ui/ui.egg-info/entry_points.txt
[1.325s] writing requirements to ../../build/ui/ui.egg-info/requires.txt
[1.326s] writing top-level names to ../../build/ui/ui.egg-info/top_level.txt
[1.326s] writing manifest file '../../build/ui/ui.egg-info/SOURCES.txt'
[1.328s] reading manifest file '../../build/ui/ui.egg-info/SOURCES.txt'
[1.328s] adding license file 'LICENSE'
[1.328s] writing manifest file '../../build/ui/ui.egg-info/SOURCES.txt'
[1.329s] running build
[1.329s] running build_py
[1.329s] creating /home/abdurrahman/AirDefense25/build/ui/build
[1.329s] creating /home/abdurrahman/AirDefense25/build/ui/build/lib
[1.329s] creating /home/abdurrahman/AirDefense25/build/ui/build/lib/ui
[1.329s] copying ui/image_publisher.py -> /home/abdurrahman/AirDefense25/build/ui/build/lib/ui
[1.329s] copying ui/__init__.py -> /home/abdurrahman/AirDefense25/build/ui/build/lib/ui
[1.329s] copying ui/image_subscriber.py -> /home/abdurrahman/AirDefense25/build/ui/build/lib/ui
[1.329s] running install
[1.330s] running install_lib
[1.331s] creating /home/abdurrahman/AirDefense25/install/ui/lib/python3.10/site-packages/ui
[1.331s] copying /home/abdurrahman/AirDefense25/build/ui/build/lib/ui/image_publisher.py -> /home/abdurrahman/AirDefense25/install/ui/lib/python3.10/site-packages/ui
[1.331s] copying /home/abdurrahman/AirDefense25/build/ui/build/lib/ui/__init__.py -> /home/abdurrahman/AirDefense25/install/ui/lib/python3.10/site-packages/ui
[1.331s] copying /home/abdurrahman/AirDefense25/build/ui/build/lib/ui/image_subscriber.py -> /home/abdurrahman/AirDefense25/install/ui/lib/python3.10/site-packages/ui
[1.332s] byte-compiling /home/abdurrahman/AirDefense25/install/ui/lib/python3.10/site-packages/ui/image_publisher.py to image_publisher.cpython-310.pyc
[1.333s] byte-compiling /home/abdurrahman/AirDefense25/install/ui/lib/python3.10/site-packages/ui/__init__.py to __init__.cpython-310.pyc
[1.333s] byte-compiling /home/abdurrahman/AirDefense25/install/ui/lib/python3.10/site-packages/ui/image_subscriber.py to image_subscriber.cpython-310.pyc
[1.336s] running install_data
[1.336s] creating /home/abdurrahman/AirDefense25/install/ui/share/ament_index
[1.336s] creating /home/abdurrahman/AirDefense25/install/ui/share/ament_index/resource_index
[1.336s] creating /home/abdurrahman/AirDefense25/install/ui/share/ament_index/resource_index/packages
[1.336s] copying resource/ui -> /home/abdurrahman/AirDefense25/install/ui/share/ament_index/resource_index/packages
[1.336s] copying package.xml -> /home/abdurrahman/AirDefense25/install/ui/share/ui
[1.337s] running install_egg_info
[1.339s] Copying ../../build/ui/ui.egg-info to /home/abdurrahman/AirDefense25/install/ui/lib/python3.10/site-packages/ui-0.0.0-py3.10.egg-info
[1.340s] running install_scripts
[1.373s] Installing publisher script to /home/abdurrahman/AirDefense25/install/ui/lib/ui
[1.373s] Installing ui script to /home/abdurrahman/AirDefense25/install/ui/lib/ui
[1.374s] writing list of installed files to '/home/abdurrahman/AirDefense25/build/ui/install.log'
