running egg_info
writing ../../build/ui/ui.egg-info/PKG-INFO
writing dependency_links to ../../build/ui/ui.egg-info/dependency_links.txt
writing entry points to ../../build/ui/ui.egg-info/entry_points.txt
writing requirements to ../../build/ui/ui.egg-info/requires.txt
writing top-level names to ../../build/ui/ui.egg-info/top_level.txt
reading manifest file '../../build/ui/ui.egg-info/SOURCES.txt'
adding license file 'LICENSE'
writing manifest file '../../build/ui/ui.egg-info/SOURCES.txt'
running build
running build_py
running install
running install_lib
running install_data
running install_egg_info
removing '/home/abdurrahman/AirDefense25/install/ui/lib/python3.10/site-packages/ui-0.0.0-py3.10.egg-info' (and everything under it)
Copying ../../build/ui/ui.egg-info to /home/abdurrahman/AirDefense25/install/ui/lib/python3.10/site-packages/ui-0.0.0-py3.10.egg-info
running install_scripts
Installing publisher script to /home/abdurrahman/AirDefense25/install/ui/lib/ui
Installing ui script to /home/abdurrahman/AirDefense25/install/ui/lib/ui
writing list of installed files to '/home/abdurrahman/AirDefense25/build/ui/install.log'
