-- Found ament_cmake: 1.3.11 (/opt/ros/humble/share/ament_cmake/cmake)
-- Found rclcpp: 16.0.11 (/opt/ros/humble/share/rclcpp/cmake)
-- Found rosidl_generator_c: 3.1.6 (/opt/ros/humble/share/rosidl_generator_c/cmake)
-- Found rosidl_adapter: 3.1.6 (/opt/ros/humble/share/rosidl_adapter/cmake)
-- Found rosidl_generator_cpp: 3.1.6 (/opt/ros/humble/share/rosidl_generator_cpp/cmake)
-- Using all available rosidl_typesupport_c: rosidl_typesupport_fastrtps_c;rosidl_typesupport_introspection_c
-- Using all available rosidl_typesupport_cpp: rosidl_typesupport_fastrtps_cpp;rosidl_typesupport_introspection_cpp
-- Found rmw_implementation_cmake: 6.1.2 (/opt/ros/humble/share/rmw_implementation_cmake/cmake)
-- Found rmw_fastrtps_cpp: 6.2.7 (/opt/ros/humble/share/rmw_fastrtps_cpp/cmake)
-- Using RMW implementation 'rmw_fastrtps_cpp' as default
-- Found sensor_msgs: 4.2.4 (/opt/ros/humble/share/sensor_msgs/cmake)
-- Found cv_bridge: 3.2.1 (/opt/ros/humble/share/cv_bridge/cmake)
-- Configuring done
-- Generating done
-- Build files have been written to: /home/abdurrahman/AirDefense25/build/maininf
[35m[1mConsolidate compiler generated dependencies of target camera_node[0m
[100%] Built target camera_node
-- Install configuration: ""
-- Up-to-date: /home/abdurrahman/AirDefense25/install/maininf/lib/maininf/camera_node
-- Installing: /home/abdurrahman/AirDefense25/install/maininf/share/ament_index/resource_index/package_run_dependencies/maininf
-- Installing: /home/abdurrahman/AirDefense25/install/maininf/share/ament_index/resource_index/parent_prefix_path/maininf
-- Installing: /home/abdurrahman/AirDefense25/install/maininf/share/maininf/environment/ament_prefix_path.sh
-- Installing: /home/abdurrahman/AirDefense25/install/maininf/share/maininf/environment/ament_prefix_path.dsv
-- Installing: /home/abdurrahman/AirDefense25/install/maininf/share/maininf/environment/path.sh
-- Installing: /home/abdurrahman/AirDefense25/install/maininf/share/maininf/environment/path.dsv
-- Installing: /home/abdurrahman/AirDefense25/install/maininf/share/maininf/local_setup.bash
-- Installing: /home/abdurrahman/AirDefense25/install/maininf/share/maininf/local_setup.sh
-- Installing: /home/abdurrahman/AirDefense25/install/maininf/share/maininf/local_setup.zsh
-- Installing: /home/abdurrahman/AirDefense25/install/maininf/share/maininf/local_setup.dsv
-- Installing: /home/abdurrahman/AirDefense25/install/maininf/share/maininf/package.dsv
-- Installing: /home/abdurrahman/AirDefense25/install/maininf/share/ament_index/resource_index/packages/maininf
-- Installing: /home/abdurrahman/AirDefense25/install/maininf/share/maininf/cmake/ament_cmake_export_dependencies-extras.cmake
-- Installing: /home/abdurrahman/AirDefense25/install/maininf/share/maininf/cmake/maininfConfig.cmake
-- Installing: /home/abdurrahman/AirDefense25/install/maininf/share/maininf/cmake/maininfConfig-version.cmake
-- Installing: /home/abdurrahman/AirDefense25/install/maininf/share/maininf/package.xml
