[0.191s] Invoking command in '/home/abdurrahman/AirDefense25/build/maininf': CMAKE_PREFIX_PATH=${CMAKE_PREFIX_PATH}:/opt/ros/humble /usr/bin/cmake --build /home/abdurrahman/AirDefense25/build/maininf -- -j12 -l12
[0.206s] -- Found ament_cmake: 1.3.11 (/opt/ros/humble/share/ament_cmake/cmake)
[0.292s] -- Found rclcpp: 16.0.11 (/opt/ros/humble/share/rclcpp/cmake)
[0.312s] -- Found rosidl_generator_c: 3.1.6 (/opt/ros/humble/share/rosidl_generator_c/cmake)
[0.314s] -- Found rosidl_adapter: 3.1.6 (/opt/ros/humble/share/rosidl_adapter/cmake)
[0.319s] -- Found rosidl_generator_cpp: 3.1.6 (/opt/ros/humble/share/rosidl_generator_cpp/cmake)
[0.327s] -- Using all available rosidl_typesupport_c: rosidl_typesupport_fastrtps_c;rosidl_typesupport_introspection_c
[0.336s] -- Using all available rosidl_typesupport_cpp: rosidl_typesupport_fastrtps_cpp;rosidl_typesupport_introspection_cpp
[0.359s] -- Found rmw_implementation_cmake: 6.1.2 (/opt/ros/humble/share/rmw_implementation_cmake/cmake)
[0.360s] -- Found rmw_fastrtps_cpp: 6.2.7 (/opt/ros/humble/share/rmw_fastrtps_cpp/cmake)
[0.433s] -- Using RMW implementation 'rmw_fastrtps_cpp' as default
[0.474s] -- Found sensor_msgs: 4.2.4 (/opt/ros/humble/share/sensor_msgs/cmake)
[0.498s] -- Found cv_bridge: 3.2.1 (/opt/ros/humble/share/cv_bridge/cmake)
[0.560s] -- Configuring done
[0.569s] -- Generating done
[0.572s] -- Build files have been written to: /home/abdurrahman/AirDefense25/build/maininf
[0.590s] [35m[1mConsolidate compiler generated dependencies of target camera_node[0m
[0.602s] [100%] Built target camera_node
[0.610s] Invoked command in '/home/abdurrahman/AirDefense25/build/maininf' returned '0': CMAKE_PREFIX_PATH=${CMAKE_PREFIX_PATH}:/opt/ros/humble /usr/bin/cmake --build /home/abdurrahman/AirDefense25/build/maininf -- -j12 -l12
[0.611s] Invoking command in '/home/abdurrahman/AirDefense25/build/maininf': CMAKE_PREFIX_PATH=${CMAKE_PREFIX_PATH}:/opt/ros/humble /usr/bin/cmake --install /home/abdurrahman/AirDefense25/build/maininf
[0.617s] -- Install configuration: ""
[0.617s] -- Up-to-date: /home/abdurrahman/AirDefense25/install/maininf/lib/maininf/camera_node
[0.617s] -- Installing: /home/abdurrahman/AirDefense25/install/maininf/share/ament_index/resource_index/package_run_dependencies/maininf
[0.617s] -- Installing: /home/abdurrahman/AirDefense25/install/maininf/share/ament_index/resource_index/parent_prefix_path/maininf
[0.617s] -- Installing: /home/abdurrahman/AirDefense25/install/maininf/share/maininf/environment/ament_prefix_path.sh
[0.617s] -- Installing: /home/abdurrahman/AirDefense25/install/maininf/share/maininf/environment/ament_prefix_path.dsv
[0.617s] -- Installing: /home/abdurrahman/AirDefense25/install/maininf/share/maininf/environment/path.sh
[0.617s] -- Installing: /home/abdurrahman/AirDefense25/install/maininf/share/maininf/environment/path.dsv
[0.618s] -- Installing: /home/abdurrahman/AirDefense25/install/maininf/share/maininf/local_setup.bash
[0.618s] -- Installing: /home/abdurrahman/AirDefense25/install/maininf/share/maininf/local_setup.sh
[0.618s] -- Installing: /home/abdurrahman/AirDefense25/install/maininf/share/maininf/local_setup.zsh
[0.618s] -- Installing: /home/abdurrahman/AirDefense25/install/maininf/share/maininf/local_setup.dsv
[0.618s] -- Installing: /home/abdurrahman/AirDefense25/install/maininf/share/maininf/package.dsv
[0.619s] -- Installing: /home/abdurrahman/AirDefense25/install/maininf/share/ament_index/resource_index/packages/maininf
[0.619s] -- Installing: /home/abdurrahman/AirDefense25/install/maininf/share/maininf/cmake/ament_cmake_export_dependencies-extras.cmake
[0.619s] -- Installing: /home/abdurrahman/AirDefense25/install/maininf/share/maininf/cmake/maininfConfig.cmake
[0.619s] -- Installing: /home/abdurrahman/AirDefense25/install/maininf/share/maininf/cmake/maininfConfig-version.cmake
[0.619s] -- Installing: /home/abdurrahman/AirDefense25/install/maininf/share/maininf/package.xml
[0.623s] Invoked command in '/home/abdurrahman/AirDefense25/build/maininf' returned '0': CMAKE_PREFIX_PATH=${CMAKE_PREFIX_PATH}:/opt/ros/humble /usr/bin/cmake --install /home/abdurrahman/AirDefense25/build/maininf
