[0.192s] Invoking command in '/home/abdurrahman/AirDefense25/build/maininf': CMAKE_PREFIX_PATH=${CMAKE_PREFIX_PATH}:/opt/ros/humble /usr/bin/cmake /home/abdurrahman/AirDefense25/src/maininf -DCMAKE_INSTALL_PREFIX=/home/abdurrahman/AirDefense25/install/maininf
[0.199s] -- Found ament_cmake: 1.3.11 (/opt/ros/humble/share/ament_cmake/cmake)
[0.289s] -- Found rclcpp: 16.0.11 (/opt/ros/humble/share/rclcpp/cmake)
[0.308s] -- Found rosidl_generator_c: 3.1.6 (/opt/ros/humble/share/rosidl_generator_c/cmake)
[0.310s] -- Found rosidl_adapter: 3.1.6 (/opt/ros/humble/share/rosidl_adapter/cmake)
[0.315s] -- Found rosidl_generator_cpp: 3.1.6 (/opt/ros/humble/share/rosidl_generator_cpp/cmake)
[0.322s] -- Using all available rosidl_typesupport_c: rosidl_typesupport_fastrtps_c;rosidl_typesupport_introspection_c
[0.331s] -- Using all available rosidl_typesupport_cpp: rosidl_typesupport_fastrtps_cpp;rosidl_typesupport_introspection_cpp
[0.355s] -- Found rmw_implementation_cmake: 6.1.2 (/opt/ros/humble/share/rmw_implementation_cmake/cmake)
[0.356s] -- Found rmw_fastrtps_cpp: 6.2.7 (/opt/ros/humble/share/rmw_fastrtps_cpp/cmake)
[0.428s] -- Using RMW implementation 'rmw_fastrtps_cpp' as default
[0.469s] -- Found sensor_msgs: 4.2.4 (/opt/ros/humble/share/sensor_msgs/cmake)
[0.492s] -- Found cv_bridge: 3.2.1 (/opt/ros/humble/share/cv_bridge/cmake)
[0.550s] [31mCMake Error at /opt/ros/humble/share/ament_cmake_core/cmake/core/ament_package_xml.cmake:53 (message):
[0.550s]   ament_package_xml() package name 'maininf' in '/package.xml' does not match
[0.550s]   current PROJECT_NAME 'AirDefenseUITest'.  You must call project() with the
[0.550s]   same package name before.
[0.550s] Call Stack (most recent call first):
[0.550s]   /opt/ros/humble/share/ament_cmake_core/cmake/core/ament_package.cmake:63 (ament_package_xml)
[0.550s]   CMakeLists.txt:52 (ament_package)
[0.551s] 
[0.551s] [0m
[0.551s] -- Configuring incomplete, errors occurred!
[0.551s] See also "/home/abdurrahman/AirDefense25/build/maininf/CMakeFiles/CMakeOutput.log".
[0.556s] Invoked command in '/home/abdurrahman/AirDefense25/build/maininf' returned '1': CMAKE_PREFIX_PATH=${CMAKE_PREFIX_PATH}:/opt/ros/humble /usr/bin/cmake /home/abdurrahman/AirDefense25/src/maininf -DCMAKE_INSTALL_PREFIX=/home/abdurrahman/AirDefense25/install/maininf
