[0.103s] DEBUG:colcon:Command line arguments: ['/usr/bin/colcon', 'list', '-p', '--base-paths', '/home/abdurrahman/AirDefense25']
[0.104s] DEBUG:colcon:Parsed command line arguments: Namespace(log_base=None, log_level=None, verb_name='list', build_base='build', ignore_user_meta=False, metas=['./colcon.meta'], base_paths=['/home/abdurrahman/AirDefense25'], packages_ignore=None, packages_ignore_regex=None, paths=None, packages_up_to=None, packages_up_to_regex=None, packages_above=None, packages_above_and_dependencies=None, packages_above_depth=None, packages_select_by_dep=None, packages_skip_by_dep=None, packages_skip_up_to=None, packages_select_build_failed=False, packages_skip_build_finished=False, packages_select_test_failures=False, packages_skip_test_passed=False, packages_select=None, packages_skip=None, packages_select_regex=None, packages_skip_regex=None, packages_start=None, packages_end=None, allow_overriding=[], topological_order=False, names_only=False, paths_only=True, topological_graph=False, topological_graph_dot=False, topological_graph_density=False, topological_graph_legend=False, topological_graph_dot_cluster=False, topological_graph_dot_include_skipped=False, verb_parser=<colcon_defaults.argument_parser.defaults.DefaultArgumentsDecorator object at 0x72e0e3564670>, verb_extension=<colcon_package_information.verb.list.ListVerb object at 0x72e0e3668f10>, main=<bound method ListVerb.main of <colcon_package_information.verb.list.ListVerb object at 0x72e0e3668f10>>)
[0.270s] Level 1:colcon.colcon_core.package_discovery:discover_packages(colcon_meta) check parameters
[0.270s] Level 1:colcon.colcon_core.package_discovery:discover_packages(recursive) check parameters
[0.270s] Level 1:colcon.colcon_core.package_discovery:discover_packages(ignore) check parameters
[0.270s] Level 1:colcon.colcon_core.package_discovery:discover_packages(path) check parameters
[0.270s] Level 1:colcon.colcon_core.package_discovery:discover_packages(recursive) discover
[0.270s] INFO:colcon.colcon_core.package_discovery:Crawling recursively for packages in '/home/abdurrahman/AirDefense25'
[0.270s] Level 1:colcon.colcon_core.package_identification:_identify(/home/abdurrahman/AirDefense25) by extensions ['ignore', 'ignore_ament_install']
[0.270s] Level 1:colcon.colcon_core.package_identification:_identify(/home/abdurrahman/AirDefense25) by extension 'ignore'
[0.271s] Level 1:colcon.colcon_core.package_identification:_identify(/home/abdurrahman/AirDefense25) by extension 'ignore_ament_install'
[0.271s] Level 1:colcon.colcon_core.package_identification:_identify(/home/abdurrahman/AirDefense25) by extensions ['colcon_pkg']
[0.271s] Level 1:colcon.colcon_core.package_identification:_identify(/home/abdurrahman/AirDefense25) by extension 'colcon_pkg'
[0.271s] Level 1:colcon.colcon_core.package_identification:_identify(/home/abdurrahman/AirDefense25) by extensions ['colcon_meta']
[0.271s] Level 1:colcon.colcon_core.package_identification:_identify(/home/abdurrahman/AirDefense25) by extension 'colcon_meta'
[0.271s] Level 1:colcon.colcon_core.package_identification:_identify(/home/abdurrahman/AirDefense25) by extensions ['ros']
[0.271s] Level 1:colcon.colcon_core.package_identification:_identify(/home/abdurrahman/AirDefense25) by extension 'ros'
[0.289s] Level 1:colcon.colcon_core.package_identification:_identify(/home/abdurrahman/AirDefense25) by extensions ['cmake', 'python']
[0.289s] Level 1:colcon.colcon_core.package_identification:_identify(/home/abdurrahman/AirDefense25) by extension 'cmake'
[0.289s] Level 1:colcon.colcon_core.package_identification:_identify(/home/abdurrahman/AirDefense25) by extension 'python'
[0.289s] Level 1:colcon.colcon_core.package_identification:_identify(/home/abdurrahman/AirDefense25) by extensions ['python_setup_py']
[0.289s] Level 1:colcon.colcon_core.package_identification:_identify(/home/abdurrahman/AirDefense25) by extension 'python_setup_py'
[0.290s] Level 1:colcon.colcon_core.package_identification:_identify(/home/abdurrahman/AirDefense25/image processing) by extensions ['ignore', 'ignore_ament_install']
[0.290s] Level 1:colcon.colcon_core.package_identification:_identify(/home/abdurrahman/AirDefense25/image processing) by extension 'ignore'
[0.290s] Level 1:colcon.colcon_core.package_identification:_identify(/home/abdurrahman/AirDefense25/image processing) by extension 'ignore_ament_install'
[0.290s] Level 1:colcon.colcon_core.package_identification:_identify(/home/abdurrahman/AirDefense25/image processing) by extensions ['colcon_pkg']
[0.290s] Level 1:colcon.colcon_core.package_identification:_identify(/home/abdurrahman/AirDefense25/image processing) by extension 'colcon_pkg'
[0.290s] Level 1:colcon.colcon_core.package_identification:_identify(/home/abdurrahman/AirDefense25/image processing) by extensions ['colcon_meta']
[0.290s] Level 1:colcon.colcon_core.package_identification:_identify(/home/abdurrahman/AirDefense25/image processing) by extension 'colcon_meta'
[0.290s] Level 1:colcon.colcon_core.package_identification:_identify(/home/abdurrahman/AirDefense25/image processing) by extensions ['ros']
[0.290s] Level 1:colcon.colcon_core.package_identification:_identify(/home/abdurrahman/AirDefense25/image processing) by extension 'ros'
[0.290s] Level 1:colcon.colcon_core.package_identification:_identify(/home/abdurrahman/AirDefense25/image processing) by extensions ['cmake', 'python']
[0.290s] Level 1:colcon.colcon_core.package_identification:_identify(/home/abdurrahman/AirDefense25/image processing) by extension 'cmake'
[0.290s] Level 1:colcon.colcon_core.package_identification:_identify(/home/abdurrahman/AirDefense25/image processing) by extension 'python'
[0.290s] Level 1:colcon.colcon_core.package_identification:_identify(/home/abdurrahman/AirDefense25/image processing) by extensions ['python_setup_py']
[0.290s] Level 1:colcon.colcon_core.package_identification:_identify(/home/abdurrahman/AirDefense25/image processing) by extension 'python_setup_py'
[0.291s] Level 1:colcon.colcon_core.package_identification:_identify(/home/abdurrahman/AirDefense25/log) by extensions ['ignore', 'ignore_ament_install']
[0.291s] Level 1:colcon.colcon_core.package_identification:_identify(/home/abdurrahman/AirDefense25/log) by extension 'ignore'
[0.291s] Level 1:colcon.colcon_core.package_identification:_identify(/home/abdurrahman/AirDefense25/log) ignored
[0.291s] Level 1:colcon.colcon_core.package_identification:_identify(/home/abdurrahman/AirDefense25/src) by extensions ['ignore', 'ignore_ament_install']
[0.291s] Level 1:colcon.colcon_core.package_identification:_identify(/home/abdurrahman/AirDefense25/src) by extension 'ignore'
[0.291s] Level 1:colcon.colcon_core.package_identification:_identify(/home/abdurrahman/AirDefense25/src) by extension 'ignore_ament_install'
[0.291s] Level 1:colcon.colcon_core.package_identification:_identify(/home/abdurrahman/AirDefense25/src) by extensions ['colcon_pkg']
[0.291s] Level 1:colcon.colcon_core.package_identification:_identify(/home/abdurrahman/AirDefense25/src) by extension 'colcon_pkg'
[0.291s] Level 1:colcon.colcon_core.package_identification:_identify(/home/abdurrahman/AirDefense25/src) by extensions ['colcon_meta']
[0.291s] Level 1:colcon.colcon_core.package_identification:_identify(/home/abdurrahman/AirDefense25/src) by extension 'colcon_meta'
[0.291s] Level 1:colcon.colcon_core.package_identification:_identify(/home/abdurrahman/AirDefense25/src) by extensions ['ros']
[0.291s] Level 1:colcon.colcon_core.package_identification:_identify(/home/abdurrahman/AirDefense25/src) by extension 'ros'
[0.291s] Level 1:colcon.colcon_core.package_identification:_identify(/home/abdurrahman/AirDefense25/src) by extensions ['cmake', 'python']
[0.291s] Level 1:colcon.colcon_core.package_identification:_identify(/home/abdurrahman/AirDefense25/src) by extension 'cmake'
[0.292s] Level 1:colcon.colcon_core.package_identification:_identify(/home/abdurrahman/AirDefense25/src) by extension 'python'
[0.292s] Level 1:colcon.colcon_core.package_identification:_identify(/home/abdurrahman/AirDefense25/src) by extensions ['python_setup_py']
[0.292s] Level 1:colcon.colcon_core.package_identification:_identify(/home/abdurrahman/AirDefense25/src) by extension 'python_setup_py'
[0.292s] Level 1:colcon.colcon_core.package_identification:_identify(/home/abdurrahman/AirDefense25/src/AirDefenseUITest) by extensions ['ignore', 'ignore_ament_install']
[0.292s] Level 1:colcon.colcon_core.package_identification:_identify(/home/abdurrahman/AirDefense25/src/AirDefenseUITest) by extension 'ignore'
[0.292s] Level 1:colcon.colcon_core.package_identification:_identify(/home/abdurrahman/AirDefense25/src/AirDefenseUITest) by extension 'ignore_ament_install'
[0.292s] Level 1:colcon.colcon_core.package_identification:_identify(/home/abdurrahman/AirDefense25/src/AirDefenseUITest) by extensions ['colcon_pkg']
[0.292s] Level 1:colcon.colcon_core.package_identification:_identify(/home/abdurrahman/AirDefense25/src/AirDefenseUITest) by extension 'colcon_pkg'
[0.292s] Level 1:colcon.colcon_core.package_identification:_identify(/home/abdurrahman/AirDefense25/src/AirDefenseUITest) by extensions ['colcon_meta']
[0.292s] Level 1:colcon.colcon_core.package_identification:_identify(/home/abdurrahman/AirDefense25/src/AirDefenseUITest) by extension 'colcon_meta'
[0.292s] Level 1:colcon.colcon_core.package_identification:_identify(/home/abdurrahman/AirDefense25/src/AirDefenseUITest) by extensions ['ros']
[0.292s] Level 1:colcon.colcon_core.package_identification:_identify(/home/abdurrahman/AirDefense25/src/AirDefenseUITest) by extension 'ros'
[0.296s] DEBUG:colcon.colcon_core.package_identification:Package '/home/abdurrahman/AirDefense25/src/AirDefenseUITest' with type 'ros.ament_cmake' and name 'AirDefenseUITest'
[0.296s] Level 1:colcon.colcon_core.package_identification:_identify(/home/abdurrahman/AirDefense25/src/cvpy) by extensions ['ignore', 'ignore_ament_install']
[0.296s] Level 1:colcon.colcon_core.package_identification:_identify(/home/abdurrahman/AirDefense25/src/cvpy) by extension 'ignore'
[0.297s] Level 1:colcon.colcon_core.package_identification:_identify(/home/abdurrahman/AirDefense25/src/cvpy) by extension 'ignore_ament_install'
[0.297s] Level 1:colcon.colcon_core.package_identification:_identify(/home/abdurrahman/AirDefense25/src/cvpy) by extensions ['colcon_pkg']
[0.297s] Level 1:colcon.colcon_core.package_identification:_identify(/home/abdurrahman/AirDefense25/src/cvpy) by extension 'colcon_pkg'
[0.297s] Level 1:colcon.colcon_core.package_identification:_identify(/home/abdurrahman/AirDefense25/src/cvpy) by extensions ['colcon_meta']
[0.297s] Level 1:colcon.colcon_core.package_identification:_identify(/home/abdurrahman/AirDefense25/src/cvpy) by extension 'colcon_meta'
[0.297s] Level 1:colcon.colcon_core.package_identification:_identify(/home/abdurrahman/AirDefense25/src/cvpy) by extensions ['ros']
[0.297s] Level 1:colcon.colcon_core.package_identification:_identify(/home/abdurrahman/AirDefense25/src/cvpy) by extension 'ros'
[0.298s] DEBUG:colcon.colcon_core.package_identification:Package '/home/abdurrahman/AirDefense25/src/cvpy' with type 'ros.ament_python' and name 'cvpy'
[0.298s] Level 1:colcon.colcon_core.package_identification:_identify(/home/abdurrahman/AirDefense25/src/maininf) by extensions ['ignore', 'ignore_ament_install']
[0.298s] Level 1:colcon.colcon_core.package_identification:_identify(/home/abdurrahman/AirDefense25/src/maininf) by extension 'ignore'
[0.298s] Level 1:colcon.colcon_core.package_identification:_identify(/home/abdurrahman/AirDefense25/src/maininf) by extension 'ignore_ament_install'
[0.298s] Level 1:colcon.colcon_core.package_identification:_identify(/home/abdurrahman/AirDefense25/src/maininf) by extensions ['colcon_pkg']
[0.298s] Level 1:colcon.colcon_core.package_identification:_identify(/home/abdurrahman/AirDefense25/src/maininf) by extension 'colcon_pkg'
[0.298s] Level 1:colcon.colcon_core.package_identification:_identify(/home/abdurrahman/AirDefense25/src/maininf) by extensions ['colcon_meta']
[0.298s] Level 1:colcon.colcon_core.package_identification:_identify(/home/abdurrahman/AirDefense25/src/maininf) by extension 'colcon_meta'
[0.298s] Level 1:colcon.colcon_core.package_identification:_identify(/home/abdurrahman/AirDefense25/src/maininf) by extensions ['ros']
[0.298s] Level 1:colcon.colcon_core.package_identification:_identify(/home/abdurrahman/AirDefense25/src/maininf) by extension 'ros'
[0.300s] DEBUG:colcon.colcon_core.package_identification:Package '/home/abdurrahman/AirDefense25/src/maininf' with type 'ros.ament_cmake' and name 'maininf'
[0.300s] Level 1:colcon.colcon_core.package_identification:_identify(/home/abdurrahman/AirDefense25/src/ui) by extensions ['ignore', 'ignore_ament_install']
[0.300s] Level 1:colcon.colcon_core.package_identification:_identify(/home/abdurrahman/AirDefense25/src/ui) by extension 'ignore'
[0.300s] Level 1:colcon.colcon_core.package_identification:_identify(/home/abdurrahman/AirDefense25/src/ui) by extension 'ignore_ament_install'
[0.300s] Level 1:colcon.colcon_core.package_identification:_identify(/home/abdurrahman/AirDefense25/src/ui) by extensions ['colcon_pkg']
[0.300s] Level 1:colcon.colcon_core.package_identification:_identify(/home/abdurrahman/AirDefense25/src/ui) by extension 'colcon_pkg'
[0.300s] Level 1:colcon.colcon_core.package_identification:_identify(/home/abdurrahman/AirDefense25/src/ui) by extensions ['colcon_meta']
[0.300s] Level 1:colcon.colcon_core.package_identification:_identify(/home/abdurrahman/AirDefense25/src/ui) by extension 'colcon_meta'
[0.300s] Level 1:colcon.colcon_core.package_identification:_identify(/home/abdurrahman/AirDefense25/src/ui) by extensions ['ros']
[0.300s] Level 1:colcon.colcon_core.package_identification:_identify(/home/abdurrahman/AirDefense25/src/ui) by extension 'ros'
[0.301s] DEBUG:colcon.colcon_core.package_identification:Package '/home/abdurrahman/AirDefense25/src/ui' with type 'ros.ament_python' and name 'ui'
[0.301s] Level 1:colcon.colcon_core.package_discovery:discover_packages(recursive) using defaults
