[0.196s] Invoking command in '/home/abdurrahman/AirDefense25/build/maininf': CMAKE_PREFIX_PATH=${CMAKE_PREFIX_PATH}:/opt/ros/humble /usr/bin/cmake /home/abdurrahman/AirDefense25/src/maininf -DCMAKE_INSTALL_PREFIX=/home/abdurrahman/AirDefense25/install/maininf
[0.203s] -- Found ament_cmake: 1.3.11 (/opt/ros/humble/share/ament_cmake/cmake)
[0.302s] -- Found rclcpp: 16.0.11 (/opt/ros/humble/share/rclcpp/cmake)
[0.323s] -- Found rosidl_generator_c: 3.1.6 (/opt/ros/humble/share/rosidl_generator_c/cmake)
[0.325s] -- Found rosidl_adapter: 3.1.6 (/opt/ros/humble/share/rosidl_adapter/cmake)
[0.330s] -- Found rosidl_generator_cpp: 3.1.6 (/opt/ros/humble/share/rosidl_generator_cpp/cmake)
[0.341s] -- Using all available rosidl_typesupport_c: rosidl_typesupport_fastrtps_c;rosidl_typesupport_introspection_c
[0.354s] -- Using all available rosidl_typesupport_cpp: rosidl_typesupport_fastrtps_cpp;rosidl_typesupport_introspection_cpp
[0.381s] -- Found rmw_implementation_cmake: 6.1.2 (/opt/ros/humble/share/rmw_implementation_cmake/cmake)
[0.382s] -- Found rmw_fastrtps_cpp: 6.2.7 (/opt/ros/humble/share/rmw_fastrtps_cpp/cmake)
[0.458s] -- Using RMW implementation 'rmw_fastrtps_cpp' as default
[0.501s] -- Found sensor_msgs: 4.2.4 (/opt/ros/humble/share/sensor_msgs/cmake)
[0.532s] -- Found cv_bridge: 3.2.1 (/opt/ros/humble/share/cv_bridge/cmake)
[0.534s] [31mCMake Error at CMakeLists.txt:21 (target_include_directories):
[0.534s]   Cannot specify include directories for target "frame_publisher" which is
[0.534s]   not built by this project.
[0.534s] 
[0.534s] [0m
[0.534s] [31mCMake Error at CMakeLists.txt:26 (target_link_libraries):
[0.534s]   Cannot specify link libraries for target "frame_publisher" which is not
[0.534s]   built by this project.
[0.534s] 
[0.534s] [0m
[0.534s] -- Configuring incomplete, errors occurred!
[0.535s] See also "/home/abdurrahman/AirDefense25/build/maininf/CMakeFiles/CMakeOutput.log".
[0.539s] Invoked command in '/home/abdurrahman/AirDefense25/build/maininf' returned '1': CMAKE_PREFIX_PATH=${CMAKE_PREFIX_PATH}:/opt/ros/humble /usr/bin/cmake /home/abdurrahman/AirDefense25/src/maininf -DCMAKE_INSTALL_PREFIX=/home/abdurrahman/AirDefense25/install/maininf
