running egg_info
creating ../../build/cvpy/cvpy.egg-info
writing ../../build/cvpy/cvpy.egg-info/PKG-INFO
writing dependency_links to ../../build/cvpy/cvpy.egg-info/dependency_links.txt
writing entry points to ../../build/cvpy/cvpy.egg-info/entry_points.txt
writing requirements to ../../build/cvpy/cvpy.egg-info/requires.txt
writing top-level names to ../../build/cvpy/cvpy.egg-info/top_level.txt
writing manifest file '../../build/cvpy/cvpy.egg-info/SOURCES.txt'
reading manifest file '../../build/cvpy/cvpy.egg-info/SOURCES.txt'
adding license file 'LICENSE'
writing manifest file '../../build/cvpy/cvpy.egg-info/SOURCES.txt'
running build
running build_py
creating /home/abdurrahman/AirDefense25/build/cvpy/build
creating /home/abdurrahman/AirDefense25/build/cvpy/build/lib
creating /home/abdurrahman/AirDefense25/build/cvpy/build/lib/cvpy
copying cvpy/image_publisher.py -> /home/abdurrahman/AirDefense25/build/cvpy/build/lib/cvpy
copying cvpy/__init__.py -> /home/abdurrahman/AirDefense25/build/cvpy/build/lib/cvpy
copying cvpy/image_subscriber.py -> /home/abdurrahman/AirDefense25/build/cvpy/build/lib/cvpy
running install
running install_lib
creating /home/abdurrahman/AirDefense25/install/cvpy/lib/python3.10/site-packages/cvpy
copying /home/abdurrahman/AirDefense25/build/cvpy/build/lib/cvpy/image_publisher.py -> /home/abdurrahman/AirDefense25/install/cvpy/lib/python3.10/site-packages/cvpy
copying /home/abdurrahman/AirDefense25/build/cvpy/build/lib/cvpy/__init__.py -> /home/abdurrahman/AirDefense25/install/cvpy/lib/python3.10/site-packages/cvpy
copying /home/abdurrahman/AirDefense25/build/cvpy/build/lib/cvpy/image_subscriber.py -> /home/abdurrahman/AirDefense25/install/cvpy/lib/python3.10/site-packages/cvpy
byte-compiling /home/abdurrahman/AirDefense25/install/cvpy/lib/python3.10/site-packages/cvpy/image_publisher.py to image_publisher.cpython-310.pyc
byte-compiling /home/abdurrahman/AirDefense25/install/cvpy/lib/python3.10/site-packages/cvpy/__init__.py to __init__.cpython-310.pyc
byte-compiling /home/abdurrahman/AirDefense25/install/cvpy/lib/python3.10/site-packages/cvpy/image_subscriber.py to image_subscriber.cpython-310.pyc
running install_data
creating /home/abdurrahman/AirDefense25/install/cvpy/share/ament_index
creating /home/abdurrahman/AirDefense25/install/cvpy/share/ament_index/resource_index
creating /home/abdurrahman/AirDefense25/install/cvpy/share/ament_index/resource_index/packages
copying resource/cvpy -> /home/abdurrahman/AirDefense25/install/cvpy/share/ament_index/resource_index/packages
copying package.xml -> /home/abdurrahman/AirDefense25/install/cvpy/share/cvpy
running install_egg_info
Copying ../../build/cvpy/cvpy.egg-info to /home/abdurrahman/AirDefense25/install/cvpy/lib/python3.10/site-packages/cvpy-0.0.0-py3.10.egg-info
running install_scripts
Installing image_publisher script to /home/abdurrahman/AirDefense25/install/cvpy/lib/cvpy
Installing image_subscriber script to /home/abdurrahman/AirDefense25/install/cvpy/lib/cvpy
writing list of installed files to '/home/abdurrahman/AirDefense25/build/cvpy/install.log'
