[0.962s] Invoking command in '/home/abdurrahman/AirDefense25/src/cvpy': PYTHONPATH=/home/abdurrahman/AirDefense25/build/cvpy/prefix_override:/usr/lib/python3/dist-packages/colcon_core/task/python/colcon_distutils_commands:/home/abdurrahman/AirDefense25/install/cvpy/lib/python3.10/site-packages:${PYTHONPATH} /usr/bin/python3 -W ignore:setup.py install is deprecated -W ignore:easy_install command is deprecated setup.py egg_info --egg-base ../../build/cvpy build --build-base /home/abdurrahman/AirDefense25/build/cvpy/build install --record /home/abdurrahman/AirDefense25/build/cvpy/install.log --single-version-externally-managed install_data
[1.233s] running egg_info
[1.233s] creating ../../build/cvpy/cvpy.egg-info
[1.233s] writing ../../build/cvpy/cvpy.egg-info/PKG-INFO
[1.234s] writing dependency_links to ../../build/cvpy/cvpy.egg-info/dependency_links.txt
[1.234s] writing entry points to ../../build/cvpy/cvpy.egg-info/entry_points.txt
[1.234s] writing requirements to ../../build/cvpy/cvpy.egg-info/requires.txt
[1.234s] writing top-level names to ../../build/cvpy/cvpy.egg-info/top_level.txt
[1.234s] writing manifest file '../../build/cvpy/cvpy.egg-info/SOURCES.txt'
[1.236s] reading manifest file '../../build/cvpy/cvpy.egg-info/SOURCES.txt'
[1.236s] adding license file 'LICENSE'
[1.237s] writing manifest file '../../build/cvpy/cvpy.egg-info/SOURCES.txt'
[1.237s] running build
[1.237s] running build_py
[1.237s] creating /home/abdurrahman/AirDefense25/build/cvpy/build
[1.237s] creating /home/abdurrahman/AirDefense25/build/cvpy/build/lib
[1.237s] creating /home/abdurrahman/AirDefense25/build/cvpy/build/lib/cvpy
[1.237s] copying cvpy/image_publisher.py -> /home/abdurrahman/AirDefense25/build/cvpy/build/lib/cvpy
[1.238s] copying cvpy/__init__.py -> /home/abdurrahman/AirDefense25/build/cvpy/build/lib/cvpy
[1.238s] copying cvpy/image_subscriber.py -> /home/abdurrahman/AirDefense25/build/cvpy/build/lib/cvpy
[1.238s] running install
[1.238s] running install_lib
[1.239s] creating /home/abdurrahman/AirDefense25/install/cvpy/lib/python3.10/site-packages/cvpy
[1.239s] copying /home/abdurrahman/AirDefense25/build/cvpy/build/lib/cvpy/image_publisher.py -> /home/abdurrahman/AirDefense25/install/cvpy/lib/python3.10/site-packages/cvpy
[1.239s] copying /home/abdurrahman/AirDefense25/build/cvpy/build/lib/cvpy/__init__.py -> /home/abdurrahman/AirDefense25/install/cvpy/lib/python3.10/site-packages/cvpy
[1.239s] copying /home/abdurrahman/AirDefense25/build/cvpy/build/lib/cvpy/image_subscriber.py -> /home/abdurrahman/AirDefense25/install/cvpy/lib/python3.10/site-packages/cvpy
[1.240s] byte-compiling /home/abdurrahman/AirDefense25/install/cvpy/lib/python3.10/site-packages/cvpy/image_publisher.py to image_publisher.cpython-310.pyc
[1.240s] byte-compiling /home/abdurrahman/AirDefense25/install/cvpy/lib/python3.10/site-packages/cvpy/__init__.py to __init__.cpython-310.pyc
[1.240s] byte-compiling /home/abdurrahman/AirDefense25/install/cvpy/lib/python3.10/site-packages/cvpy/image_subscriber.py to image_subscriber.cpython-310.pyc
[1.241s] running install_data
[1.241s] creating /home/abdurrahman/AirDefense25/install/cvpy/share/ament_index
[1.241s] creating /home/abdurrahman/AirDefense25/install/cvpy/share/ament_index/resource_index
[1.241s] creating /home/abdurrahman/AirDefense25/install/cvpy/share/ament_index/resource_index/packages
[1.241s] copying resource/cvpy -> /home/abdurrahman/AirDefense25/install/cvpy/share/ament_index/resource_index/packages
[1.241s] copying package.xml -> /home/abdurrahman/AirDefense25/install/cvpy/share/cvpy
[1.241s] running install_egg_info
[1.243s] Copying ../../build/cvpy/cvpy.egg-info to /home/abdurrahman/AirDefense25/install/cvpy/lib/python3.10/site-packages/cvpy-0.0.0-py3.10.egg-info
[1.244s] running install_scripts
[1.267s] Installing image_publisher script to /home/abdurrahman/AirDefense25/install/cvpy/lib/cvpy
[1.267s] Installing image_subscriber script to /home/abdurrahman/AirDefense25/install/cvpy/lib/cvpy
[1.268s] writing list of installed files to '/home/abdurrahman/AirDefense25/build/cvpy/install.log'
[1.295s] Invoked command in '/home/abdurrahman/AirDefense25/src/cvpy' returned '0': PYTHONPATH=/home/abdurrahman/AirDefense25/build/cvpy/prefix_override:/usr/lib/python3/dist-packages/colcon_core/task/python/colcon_distutils_commands:/home/abdurrahman/AirDefense25/install/cvpy/lib/python3.10/site-packages:${PYTHONPATH} /usr/bin/python3 -W ignore:setup.py install is deprecated -W ignore:easy_install command is deprecated setup.py egg_info --egg-base ../../build/cvpy build --build-base /home/abdurrahman/AirDefense25/build/cvpy/build install --record /home/abdurrahman/AirDefense25/build/cvpy/install.log --single-version-externally-managed install_data
